# JRE version: OpenJDK Runtime Environment (7.0_55-b14) (build 1.7.0_55-b14)
# Java VM: OpenJDK 64-Bit Server VM (24.51-b03 mixed mode linux-amd64 compressed oops)
Heap
 par new generation   total 460096K, used 420313K [0x0000000640200000, 0x000000065f530000, 0x000000065f530000)
  eden space 409024K,  90% used [0x0000000640200000, 0x0000000656a967b0, 0x0000000659170000)
  from space 51072K, 100% used [0x0000000659170000, 0x000000065c350000, 0x000000065c350000)
  to   space 51072K,   0% used [0x000000065c350000, 0x000000065c350000, 0x000000065f530000)
 concurrent mark-sweep generation total 5895232K, used 5771122K [0x000000065f530000, 0x00000007c7240000, 0x00000007f5a00000)
 concurrent-mark-sweep perm gen total 89684K, used 53810K [0x00000007f5a00000, 0x00000007fb195000, 0x0000000800000000)
GC Heap History (10 events):
Event: 21984.998 GC heap before
{Heap before GC invocations=751 (full 3):
 par new generation   total 460096K, used 460094K [0x0000000640200000, 0x000000065f530000, 0x000000065f530000)
  eden space 409024K, 100% used [0x0000000640200000, 0x0000000659170000, 0x0000000659170000)
  from space 51072K,  99% used [0x000000065c350000, 0x000000065f52f9d0, 0x000000065f530000)
  to   space 51072K,   0% used [0x0000000659170000, 0x0000000659170000, 0x000000065c350000)
 concurrent mark-sweep generation total 5666560K, used 5440904K [0x000000065f530000, 0x00000007b92f0000, 0x00000007f5a00000)
 concurrent-mark-sweep perm gen total 87280K, used 53901K [0x00000007f5a00000, 0x00000007faf3c000, 0x0000000800000000)
Event: 21985.120 GC heap after
Heap after GC invocations=752 (full 3):
 par new generation   total 460096K, used 51070K [0x0000000640200000, 0x000000065f530000, 0x000000065f530000)
  eden space 409024K,   0% used [0x0000000640200000, 0x0000000640200000, 0x0000000659170000)
  from space 51072K,  99% used [0x0000000659170000, 0x000000065c34f940, 0x000000065c350000)
  to   space 51072K,   0% used [0x000000065c350000, 0x000000065c350000, 0x000000065f530000)
 concurrent mark-sweep generation total 5666560K, used 5504237K [0x000000065f530000, 0x00000007b92f0000, 0x00000007f5a00000)
 concurrent-mark-sweep perm gen total 87280K, used 53901K [0x00000007f5a00000, 0x00000007faf3c000, 0x0000000800000000)
}
Event: 21985.452 GC heap before
{Heap before GC invocations=752 (full 3):
 par new generation   total 460096K, used 460094K [0x0000000640200000, 0x000000065f530000, 0x000000065f530000)
  eden space 409024K, 100% used [0x0000000640200000, 0x0000000659170000, 0x0000000659170000)
  from space 51072K,  99% used [0x0000000659170000, 0x000000065c34f940, 0x000000065c350000)
  to   space 51072K,   0% used [0x000000065c350000, 0x000000065c350000, 0x000000065f530000)
 concurrent mark-sweep generation total 5666560K, used 5503467K [0x000000065f530000, 0x00000007b92f0000, 0x00000007f5a00000)
 concurrent-mark-sweep perm gen total 87280K, used 53901K [0x00000007f5a00000, 0x00000007faf3c000, 0x0000000800000000)
Event: 21985.633 GC heap after
Heap after GC invocations=753 (full 3):
 par new generation   total 460096K, used 51072K [0x0000000640200000, 0x000000065f530000, 0x000000065f530000)
  eden space 409024K,   0% used [0x0000000640200000, 0x0000000640200000, 0x0000000659170000)
  from space 51072K, 100% used [0x000000065c350000, 0x000000065f530000, 0x000000065f530000)
  to   space 51072K,   0% used [0x0000000659170000, 0x0000000659170000, 0x000000065c350000)
 concurrent mark-sweep generation total 5697472K, used 5568536K [0x000000065f530000, 0x00000007bb120000, 0x00000007f5a00000)
 concurrent-mark-sweep perm gen total 87280K, used 53901K [0x00000007f5a00000, 0x00000007faf3c000, 0x0000000800000000)
}
Event: 21985.960 GC heap before
{Heap before GC invocations=753 (full 3):
 par new generation   total 460096K, used 460096K [0x0000000640200000, 0x000000065f530000, 0x000000065f530000)
  eden space 409024K, 100% used [0x0000000640200000, 0x0000000659170000, 0x0000000659170000)
  from space 51072K, 100% used [0x000000065c350000, 0x000000065f530000, 0x000000065f530000)
  to   space 51072K,   0% used [0x0000000659170000, 0x0000000659170000, 0x000000065c350000)
 concurrent mark-sweep generation total 5697472K, used 5568535K [0x000000065f530000, 0x00000007bb120000, 0x00000007f5a00000)
 concurrent-mark-sweep perm gen total 87280K, used 53901K [0x00000007f5a00000, 0x00000007faf3c000, 0x0000000800000000)
Event: 21986.170 GC heap after
Heap after GC invocations=754 (full 3):
 par new generation   total 460096K, used 51072K [0x0000000640200000, 0x000000065f530000, 0x000000065f530000)
  eden space 409024K,   0% used [0x0000000640200000, 0x0000000640200000, 0x0000000659170000)
  from space 51072K, 100% used [0x0000000659170000, 0x000000065c350000, 0x000000065c350000)
  to   space 51072K,   0% used [0x000000065c350000, 0x000000065c350000, 0x000000065f530000)
 concurrent mark-sweep generation total 5765824K, used 5638445K [0x000000065f530000, 0x00000007bf3e0000, 0x00000007f5a00000)
 concurrent-mark-sweep perm gen total 87280K, used 53901K [0x00000007f5a00000, 0x00000007faf3c000, 0x0000000800000000)
}
Event: 21986.505 GC heap before
{Heap before GC invocations=754 (full 3):
 par new generation   total 460096K, used 460096K [0x0000000640200000, 0x000000065f530000, 0x000000065f530000)
  eden space 409024K, 100% used [0x0000000640200000, 0x0000000659170000, 0x0000000659170000)
  from space 51072K, 100% used [0x0000000659170000, 0x000000065c350000, 0x000000065c350000)
  to   space 51072K,   0% used [0x000000065c350000, 0x000000065c350000, 0x000000065f530000)
 concurrent mark-sweep generation total 5765824K, used 5638444K [0x000000065f530000, 0x00000007bf3e0000, 0x00000007f5a00000)
 concurrent-mark-sweep perm gen total 87280K, used 53901K [0x00000007f5a00000, 0x00000007faf3c000, 0x0000000800000000)
Event: 21986.729 GC heap after
Heap after GC invocations=755 (full 3):
 par new generation   total 460096K, used 51072K [0x0000000640200000, 0x000000065f530000, 0x000000065f530000)
  eden space 409024K,   0% used [0x0000000640200000, 0x0000000640200000, 0x0000000659170000)
  from space 51072K, 100% used [0x000000065c350000, 0x000000065f530000, 0x000000065f530000)
  to   space 51072K,   0% used [0x0000000659170000, 0x0000000659170000, 0x000000065c350000)
 concurrent mark-sweep generation total 5831680K, used 5705851K [0x000000065f530000, 0x00000007c3430000, 0x00000007f5a00000)
 concurrent-mark-sweep perm gen total 87280K, used 53901K [0x00000007f5a00000, 0x00000007faf3c000, 0x0000000800000000)
}
Event: 21987.044 GC heap before
{Heap before GC invocations=755 (full 3):
 par new generation   total 460096K, used 460096K [0x0000000640200000, 0x000000065f530000, 0x000000065f530000)
  eden space 409024K, 100% used [0x0000000640200000, 0x0000000659170000, 0x0000000659170000)
  from space 51072K, 100% used [0x000000065c350000, 0x000000065f530000, 0x000000065f530000)
  to   space 51072K,   0% used [0x0000000659170000, 0x0000000659170000, 0x000000065c350000)
 concurrent mark-sweep generation total 5831680K, used 5705851K [0x000000065f530000, 0x00000007c3430000, 0x00000007f5a00000)
 concurrent-mark-sweep perm gen total 87280K, used 53901K [0x00000007f5a00000, 0x00000007faf3c000, 0x0000000800000000)
Event: 21987.222 GC heap after
Heap after GC invocations=756 (full 3):
 par new generation   total 460096K, used 51072K [0x0000000640200000, 0x000000065f530000, 0x000000065f530000)
  eden space 409024K,   0% used [0x0000000640200000, 0x0000000640200000, 0x0000000659170000)
  from space 51072K, 100% used [0x0000000659170000, 0x000000065c350000, 0x000000065c350000)
  to   space 51072K,   0% used [0x000000065c350000, 0x000000065c350000, 0x000000065f530000)
 concurrent mark-sweep generation total 5895232K, used 5771122K [0x000000065f530000, 0x00000007c7240000, 0x00000007f5a00000)
 concurrent-mark-sweep perm gen total 87280K, used 53901K [0x00000007f5a00000, 0x00000007faf3c000, 0x0000000800000000)
}

